<?xml version="1.0" encoding="UTF-8"?>
<!-- Generated by org.testng.reporters.JUnitXMLReporter -->
<testsuite ignored="0" hostname="LAPTOP-OT2UM6DD" failures="2" tests="5" name="Test" time="40.955" errors="0" timestamp="2022-09-19T12:16:53 IST">
  <testcase classname="org.HRM.Doctor_test.AdminToDocTest" name="adminDocTest" time="17.165"/>
  <testcase classname="org.HRM.Doctor_test.PatientSearchTest" name="patientSrchTest" time="21.857"/>
  <testcase classname="org.HRM.Doctor_test.DocToAdminPatSrchTest" name="DocPatSrch" time="26.669"/>
  <testcase classname="org.HRM.Doctor_test.DocToAdminManagePatTest" name="patientSrchTest" time="28.342">
    <failure type="java.lang.AssertionError" message="null">
      <![CDATA[java.lang.AssertionError: null
at org.HRM.Doctor_test.DocToAdminManagePatTest.patientSrchTest(DocToAdminManagePatTest.java:41)
at java.base/java.util.concurrent.ThreadPoolExecutor.runWorker(ThreadPoolExecutor.java:1136)
at java.base/java.util.concurrent.ThreadPoolExecutor$Worker.run(ThreadPoolExecutor.java:635)
at java.base/java.lang.Thread.run(Thread.java:833)
... Removed 12 stack frames]]>
    </failure>
  </testcase> <!-- patientSrchTest -->
  <testcase classname="org.HRM.Doctor_test.DocToAdminManagePatTest" name="patientSrchTest" time="28.362">
    <failure type="java.lang.NullPointerException" message="Cannot invoke &amp;quot;org.openqa.selenium.TakesScreenshot.getScreenshotAs(org.openqa.selenium.OutputType)&amp;quot; because &amp;quot;ts&amp;quot; is null">
      <![CDATA[java.lang.NullPointerException: Cannot invoke "org.openqa.selenium.TakesScreenshot.getScreenshotAs(org.openqa.selenium.OutputType)" because "ts" is null
at org.sdet40.genericUtility.WebdriverUtility.screenShot(WebdriverUtility.java:320)
at org.sdet40.genericUtility.ListenerImplementation.onTestFailure(ListenerImplementation.java:48)
at java.base/java.util.concurrent.ThreadPoolExecutor.runWorker(ThreadPoolExecutor.java:1136)
at java.base/java.util.concurrent.ThreadPoolExecutor$Worker.run(ThreadPoolExecutor.java:635)
at java.base/java.lang.Thread.run(Thread.java:833)
... Removed 9 stack frames]]>
    </failure>
  </testcase> <!-- patientSrchTest -->
</testsuite> <!-- Test -->
