<html>
<head>
<title>TestNG:  Command line test</title>
<link href="../testng.css" rel="stylesheet" type="text/css" />
<link href="../my-testng.css" rel="stylesheet" type="text/css" />

<style type="text/css">
.log { display: none;} 
.stack-trace { display: none;} 
</style>
<script type="text/javascript">
<!--
function flip(e) {
  current = e.style.display;
  if (current == 'block') {
    e.style.display = 'none';
    return 0;
  }
  else {
    e.style.display = 'block';
    return 1;
  }
}

function toggleBox(szDivId, elem, msg1, msg2)
{
  var res = -1;  if (document.getElementById) {
    res = flip(document.getElementById(szDivId));
  }
  else if (document.all) {
    // this is the way old msie versions work
    res = flip(document.all[szDivId]);
  }
  if(elem) {
    if(res == 0) elem.innerHTML = msg1; else elem.innerHTML = msg2;
  }

}

function toggleAllBoxes() {
  if (document.getElementsByTagName) {
    d = document.getElementsByTagName('div');
    for (i = 0; i < d.length; i++) {
      if (d[i].className == 'log') {
        flip(d[i]);
      }
    }
  }
}

// -->
</script>

</head>
<body>
<h2 align='center'>Command line test</h2><table border='1' align="center">
<tr>
<td>Tests passed/Failed/Skipped:</td><td>18/1/0</td>
</tr><tr>
<td>Started on:</td><td>Tue Sep 20 13:35:00 IST 2022</td>
</tr>
<tr><td>Total time:</td><td>28 seconds (28193 ms)</td>
</tr><tr>
<td>Included groups:</td><td></td>
</tr><tr>
<td>Excluded groups:</td><td></td>
</tr>
</table><p/>
<small><i>(Hover the method name to see the test class name)</i></small><p/>
<table width='100%' border='1' class='invocation-failed'>
<tr><td colspan='4' align='center'><b>FAILED TESTS</b></td></tr>
<tr><td><b>Test method</b></td>
<td width="30%"><b>Exception</b></td>
<td width="10%"><b>Time (seconds)</b></td>
<td><b>Instance</b></td>
</tr>
<tr>
<td title='org.HRM.Doctor_test.AdminToDocTest.adminDocTest()'><b>adminDocTest</b><br>Test class: org.HRM.Doctor_test.AdminToDocTest</td>
<td><div><pre>org.openqa.selenium.ElementNotInteractableException: element not interactable
  (Session info: chrome=105.0.5195.127)
Build info: version: &apos;4.4.0&apos;, revision: &apos;e5c75ed026a&apos;
System info: host: &apos;LAPTOP-OT2UM6DD&apos;, ip: &apos;192.168.148.1&apos;, os.name: &apos;Windows 11&apos;, os.arch: &apos;amd64&apos;, os.version: &apos;10.0&apos;, java.version: &apos;18&apos;
Driver info: org.openqa.selenium.chrome.ChromeDriver
Command: [17135dbd1faa733403fa3d38a6805747, clickElement {id=f6a2b624-1abe-41f9-a736-e74097461f93}]
Capabilities {acceptInsecureCerts: false, browserName: chrome, browserVersion: 105.0.5195.127, chrome: {chromedriverVersion: 105.0.5195.52 (412c95e51883..., userDataDir: C:\Users\Harish\AppData\Loc...}, goog:chromeOptions: {debuggerAddress: localhost:53165}, networkConnectionEnabled: false, pageLoadStrategy: normal, platformName: WINDOWS, proxy: Proxy(), se:cdp: ws://localhost:53165/devtoo..., se:cdpVersion: 105.0.5195.127, setWindowRect: true, strictFileInteractability: false, timeouts: {implicit: 0, pageLoad: 300000, script: 30000}, unhandledPromptBehavior: dismiss and notify, webauthn:extension:credBlob: true, webauthn:extension:largeBlob: true, webauthn:virtualAuthenticators: true}
Element: [[ChromeDriver: chrome on WINDOWS (17135dbd1faa733403fa3d38a6805747)] -&gt; xpath: //span[text()=&apos; Add Doctor&apos;]]
Session ID: 17135dbd1faa733403fa3d38a6805747
	at org.openqa.selenium.remote.codec.w3c.W3CHttpResponseCodec.createException(W3CHttpResponseCodec.java:200)
	at org.openqa.selenium.remote.codec.w3c.W3CHttpResponseCodec.decode(W3CHttpResponseCodec.java:133)
	at org.openqa.selenium.remote.codec.w3c.W3CHttpResponseCodec.decode(W3CHttpResponseCodec.java:53)
	at org.openqa.selenium.remote.HttpCommandExecutor.execute(HttpCommandExecutor.java:184)
	at org.openqa.selenium.remote.service.DriverCommandExecutor.invokeExecute(DriverCommandExecutor.java:167)
	at org.openqa.selenium.remote.service.DriverCommandExecutor.execute(DriverCommandExecutor.java:142)
	at org.openqa.selenium.remote.RemoteWebDriver.execute(RemoteWebDriver.java:547)
	at org.openqa.selenium.remote.RemoteWebElement.execute(RemoteWebElement.java:257)
	at org.openqa.selenium.remote.RemoteWebElement.click(RemoteWebElement.java:78)
	at org.openqa.selenium.support.pagefactory.internal.LocatingElementHandler.invoke(LocatingElementHandler.java:52)
	at jdk.proxy2/jdk.proxy2.$Proxy13.click(Unknown Source)
	at org.HMS.objectRepository.AddDoctorPage.addDoctorFea(AddDoctorPage.java:57)
	at org.HRM.Doctor_test.AdminToDocTest.adminDocTest(AdminToDocTest.java:31)
... Removed 35 stack frames</pre></div><a href='#' onClick='toggleBox("stack-trace929219836", this, "Click to show all stack frames", "Click to hide stack frames")'>Click to show all stack frames</a>
<div class='stack-trace' id='stack-trace929219836'><pre>org.openqa.selenium.ElementNotInteractableException: element not interactable
  (Session info: chrome=105.0.5195.127)
Build info: version: &apos;4.4.0&apos;, revision: &apos;e5c75ed026a&apos;
System info: host: &apos;LAPTOP-OT2UM6DD&apos;, ip: &apos;192.168.148.1&apos;, os.name: &apos;Windows 11&apos;, os.arch: &apos;amd64&apos;, os.version: &apos;10.0&apos;, java.version: &apos;18&apos;
Driver info: org.openqa.selenium.chrome.ChromeDriver
Command: [17135dbd1faa733403fa3d38a6805747, clickElement {id=f6a2b624-1abe-41f9-a736-e74097461f93}]
Capabilities {acceptInsecureCerts: false, browserName: chrome, browserVersion: 105.0.5195.127, chrome: {chromedriverVersion: 105.0.5195.52 (412c95e51883..., userDataDir: C:\Users\Harish\AppData\Loc...}, goog:chromeOptions: {debuggerAddress: localhost:53165}, networkConnectionEnabled: false, pageLoadStrategy: normal, platformName: WINDOWS, proxy: Proxy(), se:cdp: ws://localhost:53165/devtoo..., se:cdpVersion: 105.0.5195.127, setWindowRect: true, strictFileInteractability: false, timeouts: {implicit: 0, pageLoad: 300000, script: 30000}, unhandledPromptBehavior: dismiss and notify, webauthn:extension:credBlob: true, webauthn:extension:largeBlob: true, webauthn:virtualAuthenticators: true}
Element: [[ChromeDriver: chrome on WINDOWS (17135dbd1faa733403fa3d38a6805747)] -&gt; xpath: //span[text()=&apos; Add Doctor&apos;]]
Session ID: 17135dbd1faa733403fa3d38a6805747
	at java.base/jdk.internal.reflect.DirectConstructorHandleAccessor.newInstance(DirectConstructorHandleAccessor.java:67)
	at java.base/java.lang.reflect.Constructor.newInstanceWithCaller(Constructor.java:499)
	at java.base/java.lang.reflect.Constructor.newInstance(Constructor.java:483)
	at org.openqa.selenium.remote.codec.w3c.W3CHttpResponseCodec.createException(W3CHttpResponseCodec.java:200)
	at org.openqa.selenium.remote.codec.w3c.W3CHttpResponseCodec.decode(W3CHttpResponseCodec.java:133)
	at org.openqa.selenium.remote.codec.w3c.W3CHttpResponseCodec.decode(W3CHttpResponseCodec.java:53)
	at org.openqa.selenium.remote.HttpCommandExecutor.execute(HttpCommandExecutor.java:184)
	at org.openqa.selenium.remote.service.DriverCommandExecutor.invokeExecute(DriverCommandExecutor.java:167)
	at org.openqa.selenium.remote.service.DriverCommandExecutor.execute(DriverCommandExecutor.java:142)
	at org.openqa.selenium.remote.RemoteWebDriver.execute(RemoteWebDriver.java:547)
	at org.openqa.selenium.remote.RemoteWebElement.execute(RemoteWebElement.java:257)
	at org.openqa.selenium.remote.RemoteWebElement.click(RemoteWebElement.java:78)
	at java.base/jdk.internal.reflect.DirectMethodHandleAccessor.invoke(DirectMethodHandleAccessor.java:104)
	at java.base/java.lang.reflect.Method.invoke(Method.java:577)
	at org.openqa.selenium.support.pagefactory.internal.LocatingElementHandler.invoke(LocatingElementHandler.java:52)
	at jdk.proxy2/jdk.proxy2.$Proxy13.click(Unknown Source)
	at org.HMS.objectRepository.AddDoctorPage.addDoctorFea(AddDoctorPage.java:57)
	at org.HRM.Doctor_test.AdminToDocTest.adminDocTest(AdminToDocTest.java:31)
	at java.base/jdk.internal.reflect.DirectMethodHandleAccessor.invoke(DirectMethodHandleAccessor.java:104)
	at java.base/java.lang.reflect.Method.invoke(Method.java:577)
	at org.testng.internal.MethodInvocationHelper.invokeMethod(MethodInvocationHelper.java:85)
	at org.testng.internal.Invoker.invokeMethod(Invoker.java:639)
	at org.testng.internal.Invoker.invokeTestMethod(Invoker.java:816)
	at org.testng.internal.Invoker.invokeTestMethods(Invoker.java:1124)
	at org.testng.internal.TestMethodWorker.invokeTestMethods(TestMethodWorker.java:125)
	at org.testng.internal.TestMethodWorker.run(TestMethodWorker.java:108)
	at org.testng.TestRunner.privateRun(TestRunner.java:774)
	at org.testng.TestRunner.run(TestRunner.java:624)
	at org.testng.SuiteRunner.runTest(SuiteRunner.java:359)
	at org.testng.SuiteRunner.runSequentially(SuiteRunner.java:354)
	at org.testng.SuiteRunner.privateRun(SuiteRunner.java:312)
	at org.testng.SuiteRunner.run(SuiteRunner.java:261)
	at org.testng.SuiteRunnerWorker.runSuite(SuiteRunnerWorker.java:52)
	at org.testng.SuiteRunnerWorker.run(SuiteRunnerWorker.java:86)
	at org.testng.TestNG.runSuitesSequentially(TestNG.java:1191)
	at org.testng.TestNG.runSuitesLocally(TestNG.java:1116)
	at org.testng.TestNG.run(TestNG.java:1024)
	at org.apache.maven.surefire.testng.TestNGExecutor.run(TestNGExecutor.java:77)
	at org.apache.maven.surefire.testng.TestNGDirectoryTestSuite.executeMulti(TestNGDirectoryTestSuite.java:159)
	at org.apache.maven.surefire.testng.TestNGDirectoryTestSuite.execute(TestNGDirectoryTestSuite.java:99)
	at org.apache.maven.surefire.testng.TestNGProvider.invoke(TestNGProvider.java:106)
	at java.base/jdk.internal.reflect.DirectMethodHandleAccessor.invoke(DirectMethodHandleAccessor.java:104)
	at java.base/java.lang.reflect.Method.invoke(Method.java:577)
	at org.apache.maven.surefire.util.ReflectionUtils.invokeMethodWithArray(ReflectionUtils.java:189)
	at org.apache.maven.surefire.booter.ProviderFactory$ProviderProxy.invoke(ProviderFactory.java:165)
	at org.apache.maven.surefire.booter.ProviderFactory.invokeProvider(ProviderFactory.java:85)
	at org.apache.maven.surefire.booter.ForkedBooter.runSuitesInProcess(ForkedBooter.java:115)
	at org.apache.maven.surefire.booter.ForkedBooter.main(ForkedBooter.java:75)
</pre></div></td>
<td>2</td>
<td>org.HRM.Doctor_test.AdminToDocTest@3439f68d</td></tr>
</table><p>
<table width='100%' border='1' class='invocation-passed'>
<tr><td colspan='4' align='center'><b>PASSED TESTS</b></td></tr>
<tr><td><b>Test method</b></td>
<td width="30%"><b>Exception</b></td>
<td width="10%"><b>Time (seconds)</b></td>
<td><b>Instance</b></td>
</tr>
<tr>
<td title='org.HRM.Doctor_test.DocToAdminPatSrchTest.DocPatSrch()'><b>DocPatSrch</b><br>Test class: org.HRM.Doctor_test.DocToAdminPatSrchTest</td>
<td></td>
<td>4</td>
<td>org.HRM.Doctor_test.DocToAdminPatSrchTest@71d15f18</td></tr>
<tr>
<td title='org.HRM.Doctor_test.DocToAdminManagePatTest.patientSrchTest()'><b>patientSrchTest</b><br>Test class: org.HRM.Doctor_test.DocToAdminManagePatTest</td>
<td></td>
<td>6</td>
<td>org.HRM.Doctor_test.DocToAdminManagePatTest@dbd940d</td></tr>
<tr>
<td title='org.HRM.Doctor_test.PatientSearchTest.patientSrchTest()'><b>patientSrchTest</b><br>Test class: org.HRM.Doctor_test.PatientSearchTest</td>
<td></td>
<td>3</td>
<td>org.HRM.Doctor_test.PatientSearchTest@17695df3</td></tr>
<tr>
<td title='TestNGPractise.MavenPractiseTest.stepTest()'><b>stepTest</b><br>Test class: TestNGPractise.MavenPractiseTest</td>
<td></td>
<td>0</td>
<td>TestNGPractise.MavenPractiseTest@3d8314f0</td></tr>
<tr>
<td title='org.sdet40.practise.TestNGRetryFailDemo.test1()'><b>test1</b><br>Test class: org.sdet40.practise.TestNGRetryFailDemo</td>
<td></td>
<td>0</td>
<td>org.sdet40.practise.TestNGRetryFailDemo@2bea5ab4</td></tr>
<tr>
<td title='org.sdet40.practise.TestNGRetryFailDemo.test2()'><b>test2</b><br>Test class: org.sdet40.practise.TestNGRetryFailDemo</td>
<td></td>
<td>0</td>
<td>org.sdet40.practise.TestNGRetryFailDemo@2bea5ab4</td></tr>
<tr>
<td title='org.sdet40.practise.TestNGRetryFailDemo.test3()'><b>test3</b><br>Test class: org.sdet40.practise.TestNGRetryFailDemo</td>
<td></td>
<td>0</td>
<td>org.sdet40.practise.TestNGRetryFailDemo@2bea5ab4</td></tr>
<tr>
<td title='org.hyr.parallelTest.TestClass1.testMethod1()'><b>testMethod1</b><br>Test class: org.hyr.parallelTest.TestClass1</td>
<td></td>
<td>0</td>
<td>org.hyr.parallelTest.TestClass1@6c9f5c0d</td></tr>
<tr>
<td title='org.hyr.parallelTest.TestClass3.testMethod10()'><b>testMethod10</b><br>Test class: org.hyr.parallelTest.TestClass3</td>
<td></td>
<td>0</td>
<td>org.hyr.parallelTest.TestClass3@76b10754</td></tr>
<tr>
<td title='org.hyr.parallelTest.TestClass3.testMethod11()'><b>testMethod11</b><br>Test class: org.hyr.parallelTest.TestClass3</td>
<td></td>
<td>0</td>
<td>org.hyr.parallelTest.TestClass3@76b10754</td></tr>
<tr>
<td title='org.hyr.parallelTest.TestClass1.testMethod2()'><b>testMethod2</b><br>Test class: org.hyr.parallelTest.TestClass1</td>
<td></td>
<td>0</td>
<td>org.hyr.parallelTest.TestClass1@6c9f5c0d</td></tr>
<tr>
<td title='org.hyr.parallelTest.TestClass1.testMethod3()'><b>testMethod3</b><br>Test class: org.hyr.parallelTest.TestClass1</td>
<td></td>
<td>0</td>
<td>org.hyr.parallelTest.TestClass1@6c9f5c0d</td></tr>
<tr>
<td title='org.hyr.parallelTest.TestClass2.testMethod3()'><b>testMethod3</b><br>Test class: org.hyr.parallelTest.TestClass2</td>
<td></td>
<td>0</td>
<td>org.hyr.parallelTest.TestClass2@de3a06f</td></tr>
<tr>
<td title='org.hyr.parallelTest.TestClass1.testMethod4()'><b>testMethod4</b><br>Test class: org.hyr.parallelTest.TestClass1</td>
<td></td>
<td>0</td>
<td>org.hyr.parallelTest.TestClass1@6c9f5c0d</td></tr>
<tr>
<td title='org.hyr.parallelTest.TestClass2.testMethod5()'><b>testMethod5</b><br>Test class: org.hyr.parallelTest.TestClass2</td>
<td></td>
<td>0</td>
<td>org.hyr.parallelTest.TestClass2@de3a06f</td></tr>
<tr>
<td title='org.hyr.parallelTest.TestClass2.testMethod6()'><b>testMethod6</b><br>Test class: org.hyr.parallelTest.TestClass2</td>
<td></td>
<td>0</td>
<td>org.hyr.parallelTest.TestClass2@de3a06f</td></tr>
<tr>
<td title='org.hyr.parallelTest.TestClass3.testMethod8()'><b>testMethod8</b><br>Test class: org.hyr.parallelTest.TestClass3</td>
<td></td>
<td>0</td>
<td>org.hyr.parallelTest.TestClass3@76b10754</td></tr>
<tr>
<td title='org.hyr.parallelTest.TestClass3.testMethod9()'><b>testMethod9</b><br>Test class: org.hyr.parallelTest.TestClass3</td>
<td></td>
<td>0</td>
<td>org.hyr.parallelTest.TestClass3@76b10754</td></tr>
</table><p>
</body>
</html>