<?xml version="1.0" encoding="UTF-8"?>
<!-- Generated by org.testng.reporters.JUnitXMLReporter -->
<testsuite hostname="LAPTOP-OT2UM6DD" failures="1" tests="19" name="Command line test" time="28.193" errors="0" timestamp="20 Sep 2022 08:05:29 GMT">
  <testcase classname="org.HRM.Doctor_test.AdminToDocTest" name="adminDocTest" time="2.654">
    <failure type="org.openqa.selenium.ElementNotInteractableException" message="element not interactable
  (Session info: chrome=105.0.5195.127)
Build info: version: &amp;apos;4.4.0&amp;apos;, revision: &amp;apos;e5c75ed026a&amp;apos;
System info: host: &amp;apos;LAPTOP-OT2UM6DD&amp;apos;, ip: &amp;apos;192.168.148.1&amp;apos;, os.name: &amp;apos;Windows 11&amp;apos;, os.arch: &amp;apos;amd64&amp;apos;, os.version: &amp;apos;10.0&amp;apos;, java.version: &amp;apos;18&amp;apos;
Driver info: org.openqa.selenium.chrome.ChromeDriver
Command: [17135dbd1faa733403fa3d38a6805747, clickElement {id=f6a2b624-1abe-41f9-a736-e74097461f93}]
Capabilities {acceptInsecureCerts: false, browserName: chrome, browserVersion: 105.0.5195.127, chrome: {chromedriverVersion: 105.0.5195.52 (412c95e51883..., userDataDir: C:\Users\Harish\AppData\Loc...}, goog:chromeOptions: {debuggerAddress: localhost:53165}, networkConnectionEnabled: false, pageLoadStrategy: normal, platformName: WINDOWS, proxy: Proxy(), se:cdp: ws://localhost:53165/devtoo..., se:cdpVersion: 105.0.5195.127, setWindowRect: true, strictFileInteractability: false, timeouts: {implicit: 0, pageLoad: 300000, script: 30000}, unhandledPromptBehavior: dismiss and notify, webauthn:extension:credBlob: true, webauthn:extension:largeBlob: true, webauthn:virtualAuthenticators: true}
Element: [[ChromeDriver: chrome on WINDOWS (17135dbd1faa733403fa3d38a6805747)] -&amp;gt; xpath: //span[text()=&amp;apos; Add Doctor&amp;apos;]]
Session ID: 17135dbd1faa733403fa3d38a6805747">
      <![CDATA[org.openqa.selenium.ElementNotInteractableException: element not interactable
  (Session info: chrome=105.0.5195.127)
Build info: version: '4.4.0', revision: 'e5c75ed026a'
System info: host: 'LAPTOP-OT2UM6DD', ip: '192.168.148.1', os.name: 'Windows 11', os.arch: 'amd64', os.version: '10.0', java.version: '18'
Driver info: org.openqa.selenium.chrome.ChromeDriver
Command: [17135dbd1faa733403fa3d38a6805747, clickElement {id=f6a2b624-1abe-41f9-a736-e74097461f93}]
Capabilities {acceptInsecureCerts: false, browserName: chrome, browserVersion: 105.0.5195.127, chrome: {chromedriverVersion: 105.0.5195.52 (412c95e51883..., userDataDir: C:\Users\Harish\AppData\Loc...}, goog:chromeOptions: {debuggerAddress: localhost:53165}, networkConnectionEnabled: false, pageLoadStrategy: normal, platformName: WINDOWS, proxy: Proxy(), se:cdp: ws://localhost:53165/devtoo..., se:cdpVersion: 105.0.5195.127, setWindowRect: true, strictFileInteractability: false, timeouts: {implicit: 0, pageLoad: 300000, script: 30000}, unhandledPromptBehavior: dismiss and notify, webauthn:extension:credBlob: true, webauthn:extension:largeBlob: true, webauthn:virtualAuthenticators: true}
Element: [[ChromeDriver: chrome on WINDOWS (17135dbd1faa733403fa3d38a6805747)] -> xpath: //span[text()=' Add Doctor']]
Session ID: 17135dbd1faa733403fa3d38a6805747
	at org.openqa.selenium.remote.codec.w3c.W3CHttpResponseCodec.createException(W3CHttpResponseCodec.java:200)
	at org.openqa.selenium.remote.codec.w3c.W3CHttpResponseCodec.decode(W3CHttpResponseCodec.java:133)
	at org.openqa.selenium.remote.codec.w3c.W3CHttpResponseCodec.decode(W3CHttpResponseCodec.java:53)
	at org.openqa.selenium.remote.HttpCommandExecutor.execute(HttpCommandExecutor.java:184)
	at org.openqa.selenium.remote.service.DriverCommandExecutor.invokeExecute(DriverCommandExecutor.java:167)
	at org.openqa.selenium.remote.service.DriverCommandExecutor.execute(DriverCommandExecutor.java:142)
	at org.openqa.selenium.remote.RemoteWebDriver.execute(RemoteWebDriver.java:547)
	at org.openqa.selenium.remote.RemoteWebElement.execute(RemoteWebElement.java:257)
	at org.openqa.selenium.remote.RemoteWebElement.click(RemoteWebElement.java:78)
	at org.openqa.selenium.support.pagefactory.internal.LocatingElementHandler.invoke(LocatingElementHandler.java:52)
	at jdk.proxy2/jdk.proxy2.$Proxy13.click(Unknown Source)
	at org.HMS.objectRepository.AddDoctorPage.addDoctorFea(AddDoctorPage.java:57)
	at org.HRM.Doctor_test.AdminToDocTest.adminDocTest(AdminToDocTest.java:31)
... Removed 35 stack frames]]>
    </failure>
  </testcase> <!-- adminDocTest -->
  <testcase classname="org.HRM.Doctor_test.DocToAdminManagePatTest" name="patientSrchTest" time="6.137"/>
  <testcase classname="org.HRM.Doctor_test.DocToAdminPatSrchTest" name="DocPatSrch" time="4.459"/>
  <testcase classname="TestNGPractise.MavenPractiseTest" name="stepTest" time="0.0"/>
  <testcase classname="org.HRM.Doctor_test.PatientSearchTest" name="patientSrchTest" time="3.507"/>
  <testcase classname="org.hyr.parallelTest.TestClass1" name="testMethod1" time="0.001"/>
  <testcase classname="org.hyr.parallelTest.TestClass1" name="testMethod2" time="0.001"/>
  <testcase classname="org.hyr.parallelTest.TestClass1" name="testMethod3" time="0.001"/>
  <testcase classname="org.hyr.parallelTest.TestClass1" name="testMethod4" time="0.0"/>
  <testcase classname="org.hyr.parallelTest.TestClass2" name="testMethod3" time="0.001"/>
  <testcase classname="org.hyr.parallelTest.TestClass2" name="testMethod5" time="0.001"/>
  <testcase classname="org.hyr.parallelTest.TestClass2" name="testMethod6" time="0.0"/>
  <testcase classname="org.hyr.parallelTest.TestClass3" name="testMethod10" time="0.0"/>
  <testcase classname="org.hyr.parallelTest.TestClass3" name="testMethod11" time="0.0"/>
  <testcase classname="org.hyr.parallelTest.TestClass3" name="testMethod8" time="0.0"/>
  <testcase classname="org.hyr.parallelTest.TestClass3" name="testMethod9" time="0.0"/>
  <testcase classname="org.sdet40.practise.TestNGRetryFailDemo" name="test1" time="0.0"/>
  <testcase classname="org.sdet40.practise.TestNGRetryFailDemo" name="test2" time="0.001"/>
  <testcase classname="org.sdet40.practise.TestNGRetryFailDemo" name="test3" time="0.0"/>
</testsuite> <!-- Command line test -->
